This is pdfTeX, Version 3.14159265-2.6-1.40.20 (TeX Live 2019/W32TeX) (preloaded format=pdflatex 2019.12.1)  3 DEC 2019 18:51
entering extended mode
 restricted \write18 enabled.
 file:line:error style messages enabled.
 %&-line parsing enabled.
**"g:/Users/Pepys/Desktop/CV19_05/CockBurn per Mockup/Logout dialog/cockburn.tex"
(g:/Users/Pepys/Desktop/CV19_05/CockBurn per Mockup/Logout dialog/cockburn.tex
LaTeX2e <2019-10-01> patch level 3
(g:/texlive/2019/texmf-dist/tex/latex/base/article.cls
Document Class: article 2019/10/25 v1.4k Standard LaTeX document class
(g:/texlive/2019/texmf-dist/tex/latex/base/size10.clo
File: size10.clo 2019/10/25 v1.4k Standard LaTeX file (size option)
)
\c@part=\count80
\c@section=\count81
\c@subsection=\count82
\c@subsubsection=\count83
\c@paragraph=\count84
\c@subparagraph=\count85
\c@figure=\count86
\c@table=\count87
\abovecaptionskip=\skip41
\belowcaptionskip=\skip42
\bibindent=\dimen102
) (g:/texlive/2019/texmf-dist/tex/latex/base/fontenc.sty
Package: fontenc 2018/08/11 v2.0j Standard LaTeX package
 (g:/texlive/2019/texmf-dist/tex/latex/base/t1enc.def
File: t1enc.def 2018/08/11 v2.0j Standard LaTeX file
LaTeX Font Info:    Redeclaring font encoding T1 on input line 48.
)) (g:/texlive/2019/texmf-dist/tex/latex/base/inputenc.sty
Package: inputenc 2018/08/11 v1.3c Input encoding file
\inpenc@prehook=\toks14
\inpenc@posthook=\toks15
) (g:/texlive/2019/texmf-dist/tex/latex/multirow/multirow.sty
Package: multirow 2019/05/31 v2.5 Span multiple rows of a table
\multirow@colwidth=\skip43
\multirow@cntb=\count88
\multirow@dima=\skip44
\bigstrutjot=\dimen103
) (g:/texlive/2019/texmf-dist/tex/latex/float/float.sty
Package: float 2001/11/08 v1.3d Float enhancements (AL)
\c@float@type=\count89
\float@exts=\toks16
\float@box=\box27
\@float@everytoks=\toks17
\@floatcapt=\box28
) (g:/texlive/2019/texmf-dist/tex/latex/tools/tabularx.sty
Package: tabularx 2016/02/03 v2.11b `tabularx' package (DPC)
 (g:/texlive/2019/texmf-dist/tex/latex/tools/array.sty
Package: array 2019/08/31 v2.4l Tabular extension package (FMi)
\col@sep=\dimen104
\ar@mcellbox=\box29
\extrarowheight=\dimen105
\NC@list=\toks18
\extratabsurround=\skip45
\backup@length=\skip46
\ar@cellbox=\box30
)
\TX@col@width=\dimen106
\TX@old@table=\dimen107
\TX@old@col=\dimen108
\TX@target=\dimen109
\TX@delta=\dimen110
\TX@cols=\count90
\TX@ftn=\toks19
) (g:/Users/Pepys/Desktop/CV19_05/CockBurn per Mockup/Logout dialog/cockburn.aux)
\openout1 = `cockburn.aux'.

LaTeX Font Info:    Checking defaults for OML/cmm/m/it on input line 9.
LaTeX Font Info:    ... okay on input line 9.
LaTeX Font Info:    Checking defaults for T1/cmr/m/n on input line 9.
LaTeX Font Info:    ... okay on input line 9.
LaTeX Font Info:    Checking defaults for OT1/cmr/m/n on input line 9.
LaTeX Font Info:    ... okay on input line 9.
LaTeX Font Info:    Checking defaults for OMS/cmsy/m/n on input line 9.
LaTeX Font Info:    ... okay on input line 9.
LaTeX Font Info:    Checking defaults for OMX/cmex/m/n on input line 9.
LaTeX Font Info:    ... okay on input line 9.
LaTeX Font Info:    Checking defaults for U/cmr/m/n on input line 9.
LaTeX Font Info:    ... okay on input line 9.

Underfull \hbox (badness 3449) in paragraph at lines 52--52
[]|\T1/cmr/m/n/10 L'utente con-
 []


Underfull \hbox (badness 10000) in paragraph at lines 52--52
\T1/cmr/m/n/10 pre-mendo
 []


Underfull \hbox (badness 10000) in paragraph at lines 52--52
\T1/cmr/m/n/10 su Con-ferma
 []


Underfull \hbox (badness 10000) in paragraph at lines 52--52
\T1/cmr/m/n/10 nella di-a-log
 []


Underfull \hbox (badness 10000) in paragraph at lines 52--52
[]|\T1/cmr/m/n/10 L'applicativo
 []


Underfull \hbox (badness 10000) in paragraph at lines 52--52
[]|\T1/cmr/m/n/10 L'applicativo
 []


Underfull \hbox (badness 10000) in paragraph at lines 52--52
\T1/cmr/m/n/10 com-pleta il
 []


Underfull \hbox (badness 10000) in paragraph at lines 52--52
[]|\T1/cmr/m/n/10 L'utente an-
 []


Underfull \hbox (badness 10000) in paragraph at lines 52--52
\T1/cmr/m/n/10 pre-mendo su
 []


Underfull \hbox (badness 3199) in paragraph at lines 52--52
\T1/cmr/m/n/10 An-nulla nella
 []


Underfull \hbox (badness 10000) in paragraph at lines 52--52
\T1/cmr/m/n/10 tema mostra
 []


Underfull \hbox (badness 10000) in paragraph at lines 52--52
\T1/cmr/m/n/10 la scher-mata
 []


Underfull \hbox (badness 10000) in paragraph at lines 52--52
[]|\T1/cmr/m/n/10 Il lo-gout
 []


Underfull \hbox (badness 10000) in paragraph at lines 52--52
\T1/cmr/m/n/10 fal-lisce e
 []


Underfull \hbox (badness 10000) in paragraph at lines 52--52
\T1/cmr/m/n/10 l'applicativo
 []


Underfull \hbox (badness 10000) in paragraph at lines 52--52
\T1/cmr/m/n/10 mostra un
 []


Underfull \hbox (badness 10000) in paragraph at lines 52--52
\T1/cmr/m/n/10 mes-sag-gio di
 []


Underfull \hbox (badness 10000) in paragraph at lines 52--52
\T1/cmr/m/n/10 tema mostra
 []


Underfull \hbox (badness 10000) in paragraph at lines 52--52
\T1/cmr/m/n/10 la scher-mata
 []

[1

{g:/texlive/2019/texmf-var/fonts/map/pdftex/updmap/pdftex.map}]
Overfull \vbox (102.79993pt too high) has occurred while \output is active []

 [2] (g:/Users/Pepys/Desktop/CV19_05/CockBurn per Mockup/Logout dialog/cockburn.aux) ) 
Here is how much of TeX's memory you used:
 669 strings out of 492164
 7668 string characters out of 6129088
 80848 words of memory out of 5000000
 5096 multiletter control sequences out of 15000+600000
 4403 words of font info for 15 fonts, out of 8000000 for 9000
 1141 hyphenation exceptions out of 8191
 25i,9n,21p,247b,257s stack positions out of 5000i,500n,10000p,200000b,80000s
{g:/texlive/2019/texmf-dist/fonts/enc/dvips/cm-super/cm-super-t1.enc}<g:/texlive/2019/texmf-dist/fonts/type1/public/cm-super/sfrm1000.pfb>
Output written on "g:/Users/Pepys/Desktop/CV19_05/CockBurn per Mockup/Logout dialog/cockburn.pdf" (2 pages, 21512 bytes).
PDF statistics:
 16 PDF objects out of 1000 (max. 8388607)
 10 compressed objects within 1 object stream
 0 named destinations out of 1000 (max. 500000)
 1 words of extra memory for PDF output out of 10000 (max. 10000000)

